<?xml version="1.0" encoding="UTF-8"?>
<testsuite name="powerpackage.PowerFinderTest" tests="4" skipped="0" failures="0" errors="0" timestamp="2024-04-27T14:23:15" hostname="TANYA" time="0.007">
  <properties/>
  <testcase name="three_raised_to_three_is_nine" classname="powerpackage.PowerFinderTest" time="0.005"/>
  <testcase name="two_raised_to_one_is_two" classname="powerpackage.PowerFinderTest" time="0.001"/>
  <testcase name="one_raised_to_one_is_one" classname="powerpackage.PowerFinderTest" time="0.0"/>
  <testcase name="two_raised_to_two_is_four" classname="powerpackage.PowerFinderTest" time="0.0"/>
  <system-out><![CDATA[]]></system-out>
  <system-err><![CDATA[]]></system-err>
</testsuite>
